[2023-11-02 11:29:40:569][main] INFO  com.dayone.SampleApplication - Starting SampleApplication using Java 17.0.7 with PID 13896 (C:\Jerobase\sample\build\classes\java\main started by dbstj in C:\Jerobase\sample)
[2023-11-02 11:29:40:571][main] INFO  com.dayone.SampleApplication - No active profile set, falling back to 1 default profile: "default"
[2023-11-02 11:29:41:1160][main] INFO  o.s.d.r.c.RepositoryConfigurationDelegate - Multiple Spring Data modules found, entering strict repository configuration mode
[2023-11-02 11:29:41:1162][main] INFO  o.s.d.r.c.RepositoryConfigurationDelegate - Bootstrapping Spring Data JPA repositories in DEFAULT mode.
[2023-11-02 11:29:41:1310][main] INFO  o.s.d.r.c.RepositoryConfigurationDelegate - Finished Spring Data repository scanning in 142 ms. Found 3 JPA repository interfaces.
[2023-11-02 11:29:41:1322][main] INFO  o.s.d.r.c.RepositoryConfigurationDelegate - Multiple Spring Data modules found, entering strict repository configuration mode
[2023-11-02 11:29:41:1323][main] INFO  o.s.d.r.c.RepositoryConfigurationDelegate - Bootstrapping Spring Data Redis repositories in DEFAULT mode.
[2023-11-02 11:29:41:1334][main] INFO  o.s.d.r.c.RepositoryConfigurationExtensionSupport - Spring Data Redis - Could not safely identify store assignment for repository candidate interface com.dayone.persists.CompanyRepository; If you want this repository to be a Redis repository, consider annotating your entities with one of these annotations: org.springframework.data.redis.core.RedisHash (preferred), or consider extending one of the following types with your repository: org.springframework.data.keyvalue.repository.KeyValueRepository
[2023-11-02 11:29:41:1334][main] INFO  o.s.d.r.c.RepositoryConfigurationExtensionSupport - Spring Data Redis - Could not safely identify store assignment for repository candidate interface com.dayone.persists.DividendRepository; If you want this repository to be a Redis repository, consider annotating your entities with one of these annotations: org.springframework.data.redis.core.RedisHash (preferred), or consider extending one of the following types with your repository: org.springframework.data.keyvalue.repository.KeyValueRepository
[2023-11-02 11:29:41:1334][main] INFO  o.s.d.r.c.RepositoryConfigurationExtensionSupport - Spring Data Redis - Could not safely identify store assignment for repository candidate interface com.dayone.persists.MemberRepository; If you want this repository to be a Redis repository, consider annotating your entities with one of these annotations: org.springframework.data.redis.core.RedisHash (preferred), or consider extending one of the following types with your repository: org.springframework.data.keyvalue.repository.KeyValueRepository
[2023-11-02 11:29:41:1334][main] INFO  o.s.d.r.c.RepositoryConfigurationDelegate - Finished Spring Data repository scanning in 5 ms. Found 0 Redis repository interfaces.
[2023-11-02 11:29:41:1816][main] INFO  o.s.b.w.e.tomcat.TomcatWebServer - Tomcat initialized with port(s): 8080 (http)
[2023-11-02 11:29:41:1824][main] INFO  o.a.coyote.http11.Http11NioProtocol - Initializing ProtocolHandler ["http-nio-8080"]
[2023-11-02 11:29:41:1825][main] INFO  o.a.catalina.core.StandardService - Starting service [Tomcat]
[2023-11-02 11:29:41:1825][main] INFO  o.a.catalina.core.StandardEngine - Starting Servlet engine: [Apache Tomcat/10.1.15]
[2023-11-02 11:29:41:1903][main] INFO  o.a.c.c.C.[Tomcat].[localhost].[/] - Initializing Spring embedded WebApplicationContext
[2023-11-02 11:29:41:1903][main] INFO  o.s.b.w.s.c.ServletWebServerApplicationContext - Root WebApplicationContext: initialization completed in 1294 ms
[2023-11-02 11:29:41:1931][main] INFO  com.zaxxer.hikari.HikariDataSource - HikariPool-1 - Starting...
[2023-11-02 11:29:42:2122][main] INFO  com.zaxxer.hikari.pool.HikariPool - HikariPool-1 - Added connection conn0: url=jdbc:h2:mem:dayone user=SA
[2023-11-02 11:29:42:2123][main] INFO  com.zaxxer.hikari.HikariDataSource - HikariPool-1 - Start completed.
[2023-11-02 11:29:42:2132][main] INFO  o.s.b.a.h.H2ConsoleAutoConfiguration - H2 console available at '/h2-console'. Database available at 'jdbc:h2:mem:dayone'
[2023-11-02 11:29:42:2221][main] INFO  o.h.jpa.internal.util.LogHelper - HHH000204: Processing PersistenceUnitInfo [name: default]
[2023-11-02 11:29:42:2268][main] INFO  org.hibernate.Version - HHH000412: Hibernate ORM core version 6.2.13.Final
[2023-11-02 11:29:42:2270][main] INFO  org.hibernate.cfg.Environment - HHH000406: Using bytecode reflection optimizer
[2023-11-02 11:29:42:2515][main] INFO  o.s.o.j.p.SpringPersistenceUnitInfo - No LoadTimeWeaver setup: ignoring JPA class transformer
[2023-11-02 11:29:42:2556][main] WARN  org.hibernate.orm.deprecation - HHH90000025: H2Dialect does not need to be specified explicitly using 'hibernate.dialect' (remove the property setting and it will be selected by default)
[2023-11-02 11:29:43:3277][main] INFO  o.h.e.t.j.p.i.JtaPlatformInitiator - HHH000489: No JTA platform available (set 'hibernate.transaction.jta.platform' to enable JTA platform integration)
[2023-11-02 11:29:43:3335][main] INFO  o.s.o.j.LocalContainerEntityManagerFactoryBean - Initialized JPA EntityManagerFactory for persistence unit 'default'
[2023-11-02 11:29:43:3977][main] WARN  o.s.b.a.o.j.JpaBaseConfiguration$JpaWebConfiguration - spring.jpa.open-in-view is enabled by default. Therefore, database queries may be performed during view rendering. Explicitly configure spring.jpa.open-in-view to disable this warning
[2023-11-02 11:29:44:4074][main] INFO  o.s.s.w.DefaultSecurityFilterChain - Will secure any request with [org.springframework.security.web.session.DisableEncodeUrlFilter@6441cff1, org.springframework.security.web.context.request.async.WebAsyncManagerIntegrationFilter@1dc987b, org.springframework.security.web.context.SecurityContextHolderFilter@53850535, org.springframework.security.web.header.HeaderWriterFilter@167ccc3c, org.springframework.security.web.authentication.logout.LogoutFilter@7cd2d3b6, com.dayone.security.JwtAuthenticationFilter@6c68f29c, org.springframework.security.web.savedrequest.RequestCacheAwareFilter@2ac7c683, org.springframework.security.web.servletapi.SecurityContextHolderAwareRequestFilter@55da6bf, org.springframework.security.web.authentication.AnonymousAuthenticationFilter@4f09d998, org.springframework.security.web.session.SessionManagementFilter@51806858, org.springframework.security.web.access.ExceptionTranslationFilter@40aaf656, org.springframework.security.web.access.intercept.AuthorizationFilter@68a1bb31]
[2023-11-02 11:29:44:4081][main] WARN  o.s.s.c.a.web.builders.WebSecurity - You are asking Spring Security to ignore Ant [pattern='/h2-console/**']. This is not recommended -- please use permitAll via HttpSecurity#authorizeHttpRequests instead.
[2023-11-02 11:29:44:4081][main] INFO  o.s.s.w.DefaultSecurityFilterChain - Will not secure Ant [pattern='/h2-console/**']
[2023-11-02 11:29:44:4436][main] INFO  o.a.coyote.http11.Http11NioProtocol - Starting ProtocolHandler ["http-nio-8080"]
[2023-11-02 11:29:44:4455][main] INFO  o.s.b.w.e.tomcat.TomcatWebServer - Tomcat started on port(s): 8080 (http) with context path ''
[2023-11-02 11:29:44:4466][main] INFO  com.dayone.SampleApplication - Started SampleApplication in 4.353 seconds (process running for 4.814)
[2023-11-02 11:31:16:96826][http-nio-8080-exec-2] INFO  o.a.c.c.C.[Tomcat].[localhost].[/] - Initializing Spring DispatcherServlet 'dispatcherServlet'
[2023-11-02 11:31:16:96826][http-nio-8080-exec-2] INFO  o.s.web.servlet.DispatcherServlet - Initializing Servlet 'dispatcherServlet'
[2023-11-02 11:31:16:96827][http-nio-8080-exec-2] INFO  o.s.web.servlet.DispatcherServlet - Completed initialization in 1 ms
[2023-11-02 11:31:16:96837][http-nio-8080-exec-2] INFO  c.d.s.JwtAuthenticationFilter - test : null
[2023-11-02 11:31:20:100090][http-nio-8080-exec-5] INFO  c.d.s.JwtAuthenticationFilter - test : null
[2023-11-02 11:31:20:100091][http-nio-8080-exec-5] INFO  com.dayone.service.MemberService - 12345678
[2023-11-02 11:31:20:100197][http-nio-8080-exec-5] INFO  com.dayone.web.AuthController - user login -> grace
